<?xml version="1.0" encoding="UTF-8"?>
<!-- Generated by org.testng.reporters.JUnitReportReporter -->
<testsuite hostname="MWDH-Work2" failures="0" tests="1" name="mainProject.MuviCinemas.Showtimes" time="362.212" errors="0" timestamp="2022-09-04T05:24:55 AST" skipped="0">
  <testcase classname="mainProject.MuviCinemas.Showtimes" name="TC_11" time="362.212"/>
  <system-out/>
</testsuite> <!-- mainProject.MuviCinemas.Showtimes -->
