<?xml version="1.0" encoding="UTF-8"?>
<!-- Generated by org.testng.reporters.JUnitReportReporter -->
<testsuite hostname="MWDH-Work2" failures="0" tests="1" name="mainProject.MuviCinemas.FoodMenu" time="300.780" errors="0" timestamp="2022-09-05T03:10:33 AST" skipped="0">
  <testcase classname="mainProject.MuviCinemas.FoodMenu" name="TC_13" time="300.780"/>
  <system-out/>
</testsuite> <!-- mainProject.MuviCinemas.FoodMenu -->
