<?xml version="1.0" encoding="UTF-8"?>
<!-- Generated by org.testng.reporters.JUnitReportReporter -->
<testsuite hostname="MWDH-Work2" failures="0" tests="5" name="mainProject.MuviCinemas.CreateAnAccountFunction" time="271.110" errors="0" timestamp="2022-09-05T01:27:17 AST" skipped="3">
  <testcase classname="mainProject.MuviCinemas.CreateAnAccountFunction" name="TC_03" time="133.609"/>
  <system-out/>
  <testcase classname="mainProject.MuviCinemas.CreateAnAccountFunction" name="TC_03" time="137.501"/>
  <system-out/>
  <testcase classname="mainProject.MuviCinemas.CreateAnAccountFunction" name="TC_02">
    <skipped/>
  </testcase> <!-- TC_02 -->
  <system-out/>
  <testcase classname="mainProject.MuviCinemas.CreateAnAccountFunction" name="TC_05">
    <skipped/>
  </testcase> <!-- TC_05 -->
  <system-out/>
  <testcase classname="mainProject.MuviCinemas.CreateAnAccountFunction" name="TC_04">
    <skipped/>
  </testcase> <!-- TC_04 -->
  <system-out/>
</testsuite> <!-- mainProject.MuviCinemas.CreateAnAccountFunction -->
